<?xml version="1.0" encoding="UTF-8"?>
<testsuite xmlns:xsi="http://www.w3.org/2001/XMLSchema-instance" xsi:noNamespaceSchemaLocation="https://maven.apache.org/surefire/maven-surefire-plugin/xsd/surefire-test-report-3.0.xsd" version="3.0" name="website.blog.BlogApplicationTests" time="7.783" tests="1" errors="0" skipped="0" failures="0">
  <properties>
[...]
</properties>
  <testcase name="contextLoads" classname="website.blog.BlogApplicationTests" time="1.757">
    <system-out><![CDATA[16:00:10.853 [main] INFO org.springframework.test.context.support.AnnotationConfigContextLoaderUtils -- Could not detect default configuration classes for test class [website.blog.BlogApplicationTests]: BlogApplicationTests does not declare any static, non-private, non-final, nested classes annotated with @Configuration.
16:00:11.046 [main] INFO org.springframework.boot.test.context.SpringBootTestContextBootstrapper -- Found @SpringBootConfiguration website.blog.BlogApplication for test class website.blog.BlogApplicationTests

  .   ____          _            __ _ _
 /\\ / ___'_ __ _ _(_)_ __  __ _ \ \ \ \
( ( )\___ | '_ | '_| | '_ \/ _` | \ \ \ \
 \\/  ___)| |_)| | | | | || (_| |  ) ) ) )
  '  |____| .__|_| |_|_| |_\__, | / / / /
 =========|_|==============|___/=/_/_/_/
 :: Spring Boot ::                (v3.2.2)

2024-02-05T16:00:11.800+06:00  INFO 9724 --- [           main] website.blog.BlogApplicationTests        : Starting BlogApplicationTests using Java 21.0.1 with PID 9724 (started by zubay in C:\Users\zubay\IdeaProjects\blog)
2024-02-05T16:00:11.803+06:00  INFO 9724 --- [           main] website.blog.BlogApplicationTests        : No active profile set, falling back to 1 default profile: "default"
2024-02-05T16:00:13.074+06:00  INFO 9724 --- [           main] .s.d.r.c.RepositoryConfigurationDelegate : Bootstrapping Spring Data MongoDB repositories in DEFAULT mode.
2024-02-05T16:00:13.159+06:00  INFO 9724 --- [           main] .s.d.r.c.RepositoryConfigurationDelegate : Finished Spring Data repository scanning in 77 ms. Found 1 MongoDB repository interface.
2024-02-05T16:00:14.042+06:00  INFO 9724 --- [3iy.mongodb.net] org.mongodb.driver.cluster               : Adding discovered server cluster0-shard-00-00.1f3iy.mongodb.net:27017 to client view of cluster
2024-02-05T16:00:14.066+06:00  INFO 9724 --- [           main] org.mongodb.driver.client                : MongoClient with metadata {"driver": {"name": "mongo-java-driver|sync|spring-boot", "version": "4.11.1"}, "os": {"type": "Windows", "name": "Windows 10", "architecture": "amd64", "version": "10.0"}, "platform": "Java/Oracle Corporation/21.0.1+12-LTS-29"} created with settings MongoClientSettings{readPreference=primary, writeConcern=WriteConcern{w=majority, wTimeout=null ms, journal=null}, retryWrites=true, retryReads=true, readConcern=ReadConcern{level=null}, credential=MongoCredential{mechanism=null, userName='database-user-1', source='admin', password=<hidden>, mechanismProperties=<hidden>}, transportSettings=null, streamFactoryFactory=null, commandListeners=[], codecRegistry=ProvidersCodecRegistry{codecProviders=[ValueCodecProvider{}, BsonValueCodecProvider{}, DBRefCodecProvider{}, DBObjectCodecProvider{}, DocumentCodecProvider{}, CollectionCodecProvider{}, IterableCodecProvider{}, MapCodecProvider{}, GeoJsonCodecProvider{}, GridFSFileCodecProvider{}, Jsr310CodecProvider{}, JsonObjectCodecProvider{}, BsonCodecProvider{}, EnumCodecProvider{}, com.mongodb.client.model.mql.ExpressionCodecProvider@3b4a1a75, com.mongodb.Jep395RecordCodecProvider@65bad087, com.mongodb.KotlinCodecProvider@276cc8dc]}, loggerSettings=LoggerSettings{maxDocumentLength=1000}, clusterSettings={hosts=[127.0.0.1:27017], srvHost=cluster0.1f3iy.mongodb.net, srvServiceName=mongodb, mode=MULTIPLE, requiredClusterType=REPLICA_SET, requiredReplicaSetName='atlas-13ij5e-shard-0', serverSelector='null', clusterListeners='[]', serverSelectionTimeout='30000 ms', localThreshold='15 ms'}, socketSettings=SocketSettings{connectTimeoutMS=10000, readTimeoutMS=0, receiveBufferSize=0, proxySettings=ProxySettings{host=null, port=null, username=null, password=null}}, heartbeatSocketSettings=SocketSettings{connectTimeoutMS=10000, readTimeoutMS=10000, receiveBufferSize=0, proxySettings=ProxySettings{host=null, port=null, username=null, password=null}}, connectionPoolSettings=ConnectionPoolSettings{maxSize=100, minSize=0, maxWaitTimeMS=120000, maxConnectionLifeTimeMS=0, maxConnectionIdleTimeMS=0, maintenanceInitialDelayMS=0, maintenanceFrequencyMS=60000, connectionPoolListeners=[], maxConnecting=2}, serverSettings=ServerSettings{heartbeatFrequencyMS=10000, minHeartbeatFrequencyMS=500, serverListeners='[]', serverMonitorListeners='[]'}, sslSettings=SslSettings{enabled=true, invalidHostNameAllowed=false, context=null}, applicationName='null', compressorList=[], uuidRepresentation=JAVA_LEGACY, serverApi=null, autoEncryptionSettings=null, dnsClient=null, inetAddressResolver=null, contextProvider=null}
2024-02-05T16:00:14.120+06:00  INFO 9724 --- [3iy.mongodb.net] org.mongodb.driver.cluster               : Adding discovered server cluster0-shard-00-01.1f3iy.mongodb.net:27017 to client view of cluster
2024-02-05T16:00:14.125+06:00  INFO 9724 --- [3iy.mongodb.net] org.mongodb.driver.cluster               : Adding discovered server cluster0-shard-00-02.1f3iy.mongodb.net:27017 to client view of cluster
2024-02-05T16:00:15.169+06:00  INFO 9724 --- [ngodb.net:27017] org.mongodb.driver.cluster               : Monitor thread successfully connected to server with description ServerDescription{address=cluster0-shard-00-02.1f3iy.mongodb.net:27017, type=REPLICA_SET_PRIMARY, state=CONNECTED, ok=true, minWireVersion=0, maxWireVersion=17, maxDocumentSize=16777216, logicalSessionTimeoutMinutes=30, roundTripTimeNanos=504802000, setName='atlas-13ij5e-shard-0', canonicalAddress=cluster0-shard-00-02.1f3iy.mongodb.net:27017, hosts=[cluster0-shard-00-00.1f3iy.mongodb.net:27017, cluster0-shard-00-02.1f3iy.mongodb.net:27017, cluster0-shard-00-01.1f3iy.mongodb.net:27017], passives=[], arbiters=[], primary='cluster0-shard-00-02.1f3iy.mongodb.net:27017', tagSet=TagSet{[Tag{name='availabilityZone', value='aps1-az2'}, Tag{name='diskState', value='READY'}, Tag{name='nodeType', value='ELECTABLE'}, Tag{name='provider', value='AWS'}, Tag{name='region', value='AP_SOUTH_1'}, Tag{name='workloadType', value='OPERATIONAL'}]}, electionId=7fffffff00000000000000c4, setVersion=12, topologyVersion=TopologyVersion{processId=65bc9176ebf78b5ced6903d6, counter=9}, lastWriteDate=Mon Feb 05 16:00:15 BDT 2024, lastUpdateTimeNanos=5862752076000}
2024-02-05T16:00:15.169+06:00  INFO 9724 --- [ngodb.net:27017] org.mongodb.driver.cluster               : Monitor thread successfully connected to server with description ServerDescription{address=cluster0-shard-00-01.1f3iy.mongodb.net:27017, type=REPLICA_SET_SECONDARY, state=CONNECTED, ok=true, minWireVersion=0, maxWireVersion=17, maxDocumentSize=16777216, logicalSessionTimeoutMinutes=30, roundTripTimeNanos=504292500, setName='atlas-13ij5e-shard-0', canonicalAddress=cluster0-shard-00-01.1f3iy.mongodb.net:27017, hosts=[cluster0-shard-00-00.1f3iy.mongodb.net:27017, cluster0-shard-00-02.1f3iy.mongodb.net:27017, cluster0-shard-00-01.1f3iy.mongodb.net:27017], passives=[], arbiters=[], primary='cluster0-shard-00-02.1f3iy.mongodb.net:27017', tagSet=TagSet{[Tag{name='availabilityZone', value='aps1-az3'}, Tag{name='diskState', value='READY'}, Tag{name='nodeType', value='ELECTABLE'}, Tag{name='provider', value='AWS'}, Tag{name='region', value='AP_SOUTH_1'}, Tag{name='workloadType', value='OPERATIONAL'}]}, electionId=null, setVersion=12, topologyVersion=TopologyVersion{processId=65bc93bb2a80614d58a5dee0, counter=5}, lastWriteDate=Mon Feb 05 16:00:15 BDT 2024, lastUpdateTimeNanos=5862751566600}
2024-02-05T16:00:15.169+06:00  INFO 9724 --- [ngodb.net:27017] org.mongodb.driver.cluster               : Monitor thread successfully connected to server with description ServerDescription{address=cluster0-shard-00-00.1f3iy.mongodb.net:27017, type=REPLICA_SET_SECONDARY, state=CONNECTED, ok=true, minWireVersion=0, maxWireVersion=17, maxDocumentSize=16777216, logicalSessionTimeoutMinutes=30, roundTripTimeNanos=501195700, setName='atlas-13ij5e-shard-0', canonicalAddress=cluster0-shard-00-00.1f3iy.mongodb.net:27017, hosts=[cluster0-shard-00-00.1f3iy.mongodb.net:27017, cluster0-shard-00-02.1f3iy.mongodb.net:27017, cluster0-shard-00-01.1f3iy.mongodb.net:27017], passives=[], arbiters=[], primary='cluster0-shard-00-02.1f3iy.mongodb.net:27017', tagSet=TagSet{[Tag{name='availabilityZone', value='aps1-az1'}, Tag{name='diskState', value='READY'}, Tag{name='nodeType', value='ELECTABLE'}, Tag{name='provider', value='AWS'}, Tag{name='region', value='AP_SOUTH_1'}, Tag{name='workloadType', value='OPERATIONAL'}]}, electionId=null, setVersion=12, topologyVersion=TopologyVersion{processId=65bc9288cbdf4938ef567b3a, counter=5}, lastWriteDate=Mon Feb 05 16:00:15 BDT 2024, lastUpdateTimeNanos=5862750146700}
2024-02-05T16:00:15.177+06:00  INFO 9724 --- [ngodb.net:27017] org.mongodb.driver.cluster               : Discovered replica set primary cluster0-shard-00-02.1f3iy.mongodb.net:27017 with max election id 7fffffff00000000000000c4 and max set version 12
2024-02-05T16:00:16.550+06:00  INFO 9724 --- [           main] website.blog.BlogApplicationTests        : Started BlogApplicationTests in 5.229 seconds (process running for 7.304)
]]></system-out>
    <system-err><![CDATA[WARNING: A Java agent has been loaded dynamically (C:\Users\zubay\.m2\repository\net\bytebuddy\byte-buddy-agent\1.14.11\byte-buddy-agent-1.14.11.jar)
WARNING: If a serviceability tool is in use, please run with -XX:+EnableDynamicAgentLoading to hide this warning
WARNING: If a serviceability tool is not in use, please run with -Djdk.instrument.traceUsage for more information
WARNING: Dynamic loading of agents will be disallowed by default in a future release
]]></system-err>
  </testcase>
</testsuite>